
================================================================================
Fecha y hora: 2025-06-23 09:22:02
================================================================================
=== Info ===
Transferencia creada


================================================================================
Fecha y hora: 2025-06-23 09:22:02
================================================================================
=== Info ===
XML pain.001 generado en schemas/transferencias/e7a73367-33e7-4898-bd88-26cd8e060533/pain001_e7a73367-33e7-4898-bd88-26cd8e060533.xml


================================================================================
Fecha y hora: 2025-06-23 09:22:02
================================================================================
=== Info ===
Archivo AML generado en schemas/transferencias/e7a73367-33e7-4898-bd88-26cd8e060533/aml_e7a73367-33e7-4898-bd88-26cd8e060533.xml


================================================================================
Fecha y hora: 2025-06-23 09:22:14
================================================================================
=== Info ===
OAuth: inicio_autorizacion - exito

=== Body de la petición ===
{
    "state": "73922f9c61e84a608ad933005e0dc9aa",
    "auth_url": "http://80.78.30.242:9181/oidc/authorize?response_type=code&client_id=7c1e2c53-8cc3-4ea0-bdd6-b3423e76adc7&redirect_uri=https://api.coretransapi.com/oauth2/callback/&scope=sepa_credit_transfers&state=73922f9c61e84a608ad933005e0dc9aa&code_challenge_method=S256&code_challenge=T8Ys-VIjbwzhx5oaugyA4rGOZBUZ-I0A3OoSxTyLyHA",
    "code_challenge": "T8Ys-VIjbwzhx5oaugyA4rGOZBUZ-I0A3OoSxTyLyHA",
    "payment_id": "e7a73367-33e7-4898-bd88-26cd8e060533"
}


================================================================================
Fecha y hora: 2025-06-23 09:22:14
================================================================================
=== Info ===
Inicio del flujo OAuth2 desde transferencia

=== Body de la petición ===
{
    "verifier": "YuiwIk6oYPeYDlNvJd3GoVvQYyi47BLkD6POBfMzv3b1PS2ze1KMywOU-8K89dzG_8ARj-MELAjuqXtPf3ut3Q",
    "challenge": "T8Ys-VIjbwzhx5oaugyA4rGOZBUZ-I0A3OoSxTyLyHA",
    "state": "73922f9c61e84a608ad933005e0dc9aa"
}


================================================================================
Fecha y hora: 2025-06-23 09:24:13
================================================================================
=== Info ===
OAuth: callback - fallo

=== Body de la petición ===
{
    "razon": "state_mismatch",
    "state_recibido": null,
    "state_esperado": "73922f9c61e84a608ad933005e0dc9aa"
}

