
================================================================================
Fecha y hora: 2025-07-14 10:08:54
================================================================================
=== Info ===
Transferencia creada


================================================================================
Fecha y hora: 2025-07-14 10:08:54
================================================================================
=== Info ===
XML pain.001 generado en schemas/transferencias/6fd7e5c0-5252-4ad5-ac86-af7cce2a7c8d/pain001_6fd7e5c0-5252-4ad5-ac86-af7cce2a7c8d.xml


================================================================================
Fecha y hora: 2025-07-14 10:08:54
================================================================================
=== Info ===
Archivo AML generado en schemas/transferencias/6fd7e5c0-5252-4ad5-ac86-af7cce2a7c8d/aml_6fd7e5c0-5252-4ad5-ac86-af7cce2a7c8d.xml


================================================================================
Fecha y hora: 2025-07-14 10:13:54
================================================================================
=== Info ===
Error al solicitar OTP

=== Error ===
404 Client Error: Not Found for url: http://80.78.30.242:9181/gw/oidc/authorize?payment_id=6fd7e5c0-5252-4ad5-ac86-af7cce2a7c8d
