
================================================================================
Fecha y hora: 2025-06-25 08:49:05
================================================================================
=== Info ===
Transferencia creada


================================================================================
Fecha y hora: 2025-06-25 08:49:05
================================================================================
=== Info ===
XML pain.001 generado en schemas/transferencias/5357f4fe-44d3-4664-a05f-440088e42ae6/pain001_5357f4fe-44d3-4664-a05f-440088e42ae6.xml


================================================================================
Fecha y hora: 2025-06-25 08:49:05
================================================================================
=== Info ===
Archivo AML generado en schemas/transferencias/5357f4fe-44d3-4664-a05f-440088e42ae6/aml_5357f4fe-44d3-4664-a05f-440088e42ae6.xml


================================================================================
Fecha y hora: 2025-06-25 08:49:23
================================================================================
=== Info ===
OAuth no iniciado o token expirado

=== Error ===
Token no disponible

================================================================================
Fecha y hora: 2025-06-25 08:49:24
================================================================================
=== Info ===
OAuth: inicio_autorizacion - exito

=== Body de la petición ===
{
    "state": "64afb7033b164f89a93cd48541e5b6a0",
    "auth_url": "http://80.78.30.242:9181/oidc/authorize?response_type=code&client_id=7c1e2c53-8cc3-4ea0-bdd6-b3423e76adc7&redirect_uri=https://api.coretransapi.com/oauth2/callback/&scope=sepa_credit_transfers&state=64afb7033b164f89a93cd48541e5b6a0&code_challenge_method=S256&code_challenge=Tfbb-c9BHM9K9YogawMJnRwIUiqcPlQAJZCH_qvVFJQ",
    "code_challenge": "Tfbb-c9BHM9K9YogawMJnRwIUiqcPlQAJZCH_qvVFJQ",
    "payment_id": "5357f4fe-44d3-4664-a05f-440088e42ae6"
}


================================================================================
Fecha y hora: 2025-06-25 08:49:24
================================================================================
=== Info ===
Inicio del flujo OAuth2 desde transferencia

=== Body de la petición ===
{
    "verifier": "qgYc6fCM49ADpU77YXQ3MUsmZ9YIvX1ElhHKQj6YSwjedRJQsNUCWU8--u562yK2fUsIjmjaV15SVDOdHneH_Q",
    "challenge": "Tfbb-c9BHM9K9YogawMJnRwIUiqcPlQAJZCH_qvVFJQ",
    "state": "64afb7033b164f89a93cd48541e5b6a0"
}

