
================================================================================
Fecha y hora: 2025-07-07 03:37:17
================================================================================
=== Info ===
Transferencia creada


================================================================================
Fecha y hora: 2025-07-07 03:37:17
================================================================================
=== Info ===
XML pain.001 generado en schemas/transferencias/ec1fc19a-ad93-4f25-8f25-ac79293bb6f3/pain001_ec1fc19a-ad93-4f25-8f25-ac79293bb6f3.xml


================================================================================
Fecha y hora: 2025-07-07 03:37:17
================================================================================
=== Info ===
Archivo AML generado en schemas/transferencias/ec1fc19a-ad93-4f25-8f25-ac79293bb6f3/aml_ec1fc19a-ad93-4f25-8f25-ac79293bb6f3.xml


================================================================================
Fecha y hora: 2025-07-07 03:37:33
================================================================================
=== Info ===
Error al solicitar OTP

=== Error ===
401 Client Error: Unauthorized for url: http://80.78.30.242:9181/api/transferencia?payment_id=ec1fc19a-ad93-4f25-8f25-ac79293bb6f3

================================================================================
Fecha y hora: 2025-07-07 03:37:46
================================================================================
=== Info ===
OTP enviado (Challenge ID: ba843f11-f807-48b2-ba7e-c2002e09b412, OTP: 375910)


================================================================================
Fecha y hora: 2025-07-07 03:38:24
================================================================================
=== Info ===
Respuesta simulador: {'status': 'ACSC', 'transfer_id': 'ec1fc19a-ad93-4f25-8f25-ac79293bb6f3'}

