
================================================================================
Fecha y hora: 2025-06-25 10:28:34
================================================================================
=== Info ===
Transferencia creada


================================================================================
Fecha y hora: 2025-06-25 10:28:34
================================================================================
=== Info ===
XML pain.001 generado en schemas/transferencias/dac30b04-38aa-4bac-a765-a6e78dfefab9/pain001_dac30b04-38aa-4bac-a765-a6e78dfefab9.xml


================================================================================
Fecha y hora: 2025-06-25 10:28:34
================================================================================
=== Info ===
Archivo AML generado en schemas/transferencias/dac30b04-38aa-4bac-a765-a6e78dfefab9/aml_dac30b04-38aa-4bac-a765-a6e78dfefab9.xml


================================================================================
Fecha y hora: 2025-06-25 10:28:48
================================================================================
=== Info ===
OAuth no iniciado o token expirado

=== Error ===
Token no disponible

================================================================================
Fecha y hora: 2025-06-25 10:28:48
================================================================================
=== Info ===
OAuth: inicio_autorizacion - exito

=== Body de la petición ===
{
    "state": "8eeb5a5f1ebe4871a7c9703e354d3adb",
    "auth_url": "http://80.78.30.242:9181/oidc/authorize?response_type=code&client_id=7c1e2c53-8cc3-4ea0-bdd6-b3423e76adc7&redirect_uri=https://api.coretransapi.com/oauth2/callback/&scope=sepa_credit_transfers&state=8eeb5a5f1ebe4871a7c9703e354d3adb&code_challenge_method=S256&code_challenge=0Ei_EwGewLMK-Ca4JYxo78D2aAs3w_DVJ7-noDiFJ8w",
    "code_challenge": "0Ei_EwGewLMK-Ca4JYxo78D2aAs3w_DVJ7-noDiFJ8w",
    "payment_id": "dac30b04-38aa-4bac-a765-a6e78dfefab9"
}


================================================================================
Fecha y hora: 2025-06-25 10:28:48
================================================================================
=== Info ===
Inicio del flujo OAuth2 desde transferencia

=== Body de la petición ===
{
    "verifier": "MYEaApKvbwyp5wzm1RGf8XVbg3V8uyIYCb12MqF8zXjFc-fXVg4GwwTQGCx1_cC9yRW_MtrVdcwffP-YckK3dQ",
    "challenge": "0Ei_EwGewLMK-Ca4JYxo78D2aAs3w_DVJ7-noDiFJ8w",
    "state": "8eeb5a5f1ebe4871a7c9703e354d3adb"
}

