{
  "timestamp": "2025-07-03 09:45:05",
  "accion": "inicio_autorizacion",
  "estado": "exito",
  "metadata": {
    "state": "567cf7009927408e9509e1109fbcaf7e",
    "auth_url": "http://80.78.30.242:9181/oidc/authorize?response_type=code&client_id=7c1e2c53-8cc3-4ea0-bdd6-b3423e76adc7&redirect_uri=https://api.coretransapi.com/oauth2/callback/&scope=sepa_credit_transfers&state=567cf7009927408e9509e1109fbcaf7e&code_challenge_method=S256&code_challenge=wgyRI9LNXjkN4TikKKZJWi_qm39fIaAA1cNw4XoLG84",
    "code_challenge": "wgyRI9LNXjkN4TikKKZJWi_qm39fIaAA1cNw4XoLG84",
    "payment_id": "3e6d89ea-40b5-419d-8fbf-c2bccbe480a7"
  },
  "error": null
}
{
  "timestamp": "2025-07-03 09:45:05",
  "accion": "inicio_autorizacion",
  "estado": "exito",
  "metadata": {
    "state": "567cf7009927408e9509e1109fbcaf7e",
    "auth_url": "http://80.78.30.242:9181/oidc/authorize?response_type=code&client_id=7c1e2c53-8cc3-4ea0-bdd6-b3423e76adc7&redirect_uri=https://api.coretransapi.com/oauth2/callback/&scope=sepa_credit_transfers&state=567cf7009927408e9509e1109fbcaf7e&code_challenge_method=S256&code_challenge=wgyRI9LNXjkN4TikKKZJWi_qm39fIaAA1cNw4XoLG84",
    "code_challenge": "wgyRI9LNXjkN4TikKKZJWi_qm39fIaAA1cNw4XoLG84",
    "payment_id": "3e6d89ea-40b5-419d-8fbf-c2bccbe480a7"
  },
  "error": null
}
{
  "timestamp": "2025-07-03 09:45:23",
  "accion": "inicio_autorizacion",
  "estado": "exito",
  "metadata": {
    "state": "ea801eec13b8458484a7c4884dc2395c",
    "auth_url": "http://80.78.30.242:9181/oidc/authorize?response_type=code&client_id=7c1e2c53-8cc3-4ea0-bdd6-b3423e76adc7&redirect_uri=https://api.coretransapi.com/oauth2/callback/&scope=sepa_credit_transfers&state=ea801eec13b8458484a7c4884dc2395c&code_challenge_method=S256&code_challenge=HL8W4Af-MhUUxgcCOepGdWQXkYHJHMC46sgcfO0PHbg",
    "code_challenge": "HL8W4Af-MhUUxgcCOepGdWQXkYHJHMC46sgcfO0PHbg",
    "payment_id": "3e6d89ea-40b5-419d-8fbf-c2bccbe480a7"
  },
  "error": null
}
{
  "timestamp": "2025-07-03 09:45:23",
  "accion": "inicio_autorizacion",
  "estado": "exito",
  "metadata": {
    "state": "ea801eec13b8458484a7c4884dc2395c",
    "auth_url": "http://80.78.30.242:9181/oidc/authorize?response_type=code&client_id=7c1e2c53-8cc3-4ea0-bdd6-b3423e76adc7&redirect_uri=https://api.coretransapi.com/oauth2/callback/&scope=sepa_credit_transfers&state=ea801eec13b8458484a7c4884dc2395c&code_challenge_method=S256&code_challenge=HL8W4Af-MhUUxgcCOepGdWQXkYHJHMC46sgcfO0PHbg",
    "code_challenge": "HL8W4Af-MhUUxgcCOepGdWQXkYHJHMC46sgcfO0PHbg",
    "payment_id": "3e6d89ea-40b5-419d-8fbf-c2bccbe480a7"
  },
  "error": null
}
{
  "timestamp": "2025-07-03 09:45:49",
  "accion": "inicio_autorizacion",
  "estado": "exito",
  "metadata": {
    "state": "577499fb4f414490b768afbcc705b251",
    "auth_url": "http://80.78.30.242:9181/oidc/authorize?response_type=code&client_id=7c1e2c53-8cc3-4ea0-bdd6-b3423e76adc7&redirect_uri=https://api.coretransapi.com/oauth2/callback/&scope=sepa_credit_transfers&state=577499fb4f414490b768afbcc705b251&code_challenge_method=S256&code_challenge=iOWq-1Ym98o4fL4gdiskGKU-olg1V5gIpnPIYg7Q464",
    "code_challenge": "iOWq-1Ym98o4fL4gdiskGKU-olg1V5gIpnPIYg7Q464",
    "payment_id": "3e6d89ea-40b5-419d-8fbf-c2bccbe480a7"
  },
  "error": null
}
{
  "timestamp": "2025-07-03 09:45:49",
  "accion": "inicio_autorizacion",
  "estado": "exito",
  "metadata": {
    "state": "577499fb4f414490b768afbcc705b251",
    "auth_url": "http://80.78.30.242:9181/oidc/authorize?response_type=code&client_id=7c1e2c53-8cc3-4ea0-bdd6-b3423e76adc7&redirect_uri=https://api.coretransapi.com/oauth2/callback/&scope=sepa_credit_transfers&state=577499fb4f414490b768afbcc705b251&code_challenge_method=S256&code_challenge=iOWq-1Ym98o4fL4gdiskGKU-olg1V5gIpnPIYg7Q464",
    "code_challenge": "iOWq-1Ym98o4fL4gdiskGKU-olg1V5gIpnPIYg7Q464",
    "payment_id": "3e6d89ea-40b5-419d-8fbf-c2bccbe480a7"
  },
  "error": null
}
