
================================================================================
Fecha y hora: 2025-07-07 01:39:36
================================================================================
=== Info ===
Transferencia creada


================================================================================
Fecha y hora: 2025-07-07 01:39:36
================================================================================
=== Info ===
XML pain.001 generado en schemas/transferencias/679f2b65-54df-42a9-9f12-dabd5a4bb1b5/pain001_679f2b65-54df-42a9-9f12-dabd5a4bb1b5.xml


================================================================================
Fecha y hora: 2025-07-07 01:39:36
================================================================================
=== Info ===
Archivo AML generado en schemas/transferencias/679f2b65-54df-42a9-9f12-dabd5a4bb1b5/aml_679f2b65-54df-42a9-9f12-dabd5a4bb1b5.xml


================================================================================
Fecha y hora: 2025-07-07 01:39:41
================================================================================
=== Info ===
Error al solicitar OTP

=== Error ===
403 Client Error: Forbidden for url: http://80.78.30.242:9181/api/challenge
