
================================================================================
Fecha y hora: 2025-07-07 05:35:19
================================================================================
=== Info ===
Transferencia creada


================================================================================
Fecha y hora: 2025-07-07 05:35:19
================================================================================
=== Info ===
XML pain.001 generado en schemas/transferencias/8cb68340-4d38-4d8c-bf7c-e75767074b2e/pain001_8cb68340-4d38-4d8c-bf7c-e75767074b2e.xml


================================================================================
Fecha y hora: 2025-07-07 05:35:19
================================================================================
=== Info ===
Archivo AML generado en schemas/transferencias/8cb68340-4d38-4d8c-bf7c-e75767074b2e/aml_8cb68340-4d38-4d8c-bf7c-e75767074b2e.xml


================================================================================
Fecha y hora: 2025-07-07 05:35:35
================================================================================
=== Info ===
OTP enviado (Challenge ID: 825eb11f-41d6-4cda-8b34-e5cbdd2d6a35, OTP: 843889)


================================================================================
Fecha y hora: 2025-07-07 05:36:52
================================================================================
=== Info ===
Respuesta simulador: {'status': 'ACSC', 'transfer_id': '8cb68340-4d38-4d8c-bf7c-e75767074b2e'}

