
================================================================================
Fecha y hora: 2025-07-03 07:35:25
================================================================================
=== Info ===
Transferencia creada


================================================================================
Fecha y hora: 2025-07-03 07:35:25
================================================================================
=== Info ===
XML pain.001 generado en schemas/transferencias/d1bb71cb-7736-46b3-85cd-f82f2353b067/pain001_d1bb71cb-7736-46b3-85cd-f82f2353b067.xml


================================================================================
Fecha y hora: 2025-07-03 07:35:25
================================================================================
=== Info ===
Archivo AML generado en schemas/transferencias/d1bb71cb-7736-46b3-85cd-f82f2353b067/aml_d1bb71cb-7736-46b3-85cd-f82f2353b067.xml


================================================================================
Fecha y hora: 2025-07-03 07:38:56
================================================================================
=== Error ===
Token no disponible o expirado

================================================================================
Fecha y hora: 2025-07-03 07:38:57
================================================================================
=== Info ===
OAuth: inicio_autorizacion - exito

=== Body de la petición ===
{
    "state": "fe5689f6707543ce94bb4f6932811b02",
    "auth_url": "http://80.78.30.242:9181/oidc/authorize?response_type=code&client_id=7c1e2c53-8cc3-4ea0-bdd6-b3423e76adc7&redirect_uri=https://api.coretransapi.com/oauth2/callback/&scope=sepa_credit_transfers&state=fe5689f6707543ce94bb4f6932811b02&code_challenge_method=S256&code_challenge=YNJQ6Wo1uSl-I04ZATuJu-zTB6GGUUpZAp3nYJtxrAk",
    "code_challenge": "YNJQ6Wo1uSl-I04ZATuJu-zTB6GGUUpZAp3nYJtxrAk",
    "payment_id": "d1bb71cb-7736-46b3-85cd-f82f2353b067"
}


================================================================================
Fecha y hora: 2025-07-03 07:38:57
================================================================================
=== Info ===
Inicio del flujo OAuth2 desde transferencia

=== Body de la petición ===
{
    "verifier": "RT7u5Um_ps8EbKeuP0Ze-VaKPGiSvmb-SzbD1Wp2gKHQmEUsBXo_IoIA2LQq7V81IO1mQnf2B8jenm8na-waKQ",
    "challenge": "YNJQ6Wo1uSl-I04ZATuJu-zTB6GGUUpZAp3nYJtxrAk",
    "state": "fe5689f6707543ce94bb4f6932811b02"
}


================================================================================
Fecha y hora: 2025-07-03 07:39:15
================================================================================
=== Error ===
Token no disponible o expirado

================================================================================
Fecha y hora: 2025-07-03 07:39:15
================================================================================
=== Info ===
OAuth: inicio_autorizacion - exito

=== Body de la petición ===
{
    "state": "cef4962638a44adf9b630d708282948f",
    "auth_url": "http://80.78.30.242:9181/oidc/authorize?response_type=code&client_id=7c1e2c53-8cc3-4ea0-bdd6-b3423e76adc7&redirect_uri=https://api.coretransapi.com/oauth2/callback/&scope=sepa_credit_transfers&state=cef4962638a44adf9b630d708282948f&code_challenge_method=S256&code_challenge=Uycpxs4cpRmrwLFWs74uExUSEUoZ6kUaoczV6iOSfmE",
    "code_challenge": "Uycpxs4cpRmrwLFWs74uExUSEUoZ6kUaoczV6iOSfmE",
    "payment_id": "d1bb71cb-7736-46b3-85cd-f82f2353b067"
}


================================================================================
Fecha y hora: 2025-07-03 07:39:15
================================================================================
=== Info ===
Inicio del flujo OAuth2 desde transferencia

=== Body de la petición ===
{
    "verifier": "3IvkDRtAbQZXKppvCjBO_BKlyeSfWErTZ7KJIwNgMvzNxAYZuF7o5PFLUfQvSZd5GMdRTaohMQF9BL1lJvbMZQ",
    "challenge": "Uycpxs4cpRmrwLFWs74uExUSEUoZ6kUaoczV6iOSfmE",
    "state": "cef4962638a44adf9b630d708282948f"
}


================================================================================
Fecha y hora: 2025-07-03 07:55:11
================================================================================
=== Error ===
Token no disponible o expirado

================================================================================
Fecha y hora: 2025-07-03 07:55:11
================================================================================
=== Info ===
OAuth: inicio_autorizacion - exito

=== Body de la petición ===
{
    "state": "a784a0e43d3c4551a0b3de89a04bff56",
    "auth_url": "http://80.78.30.242:9181/oidc/authorize?response_type=code&client_id=7c1e2c53-8cc3-4ea0-bdd6-b3423e76adc7&redirect_uri=https://api.coretransapi.com/oauth2/callback/&scope=sepa_credit_transfers&state=a784a0e43d3c4551a0b3de89a04bff56&code_challenge_method=S256&code_challenge=JKw3ieS0kwupU8C9yHfz4E0e0BAYMxemn5IFCU2OcMU",
    "code_challenge": "JKw3ieS0kwupU8C9yHfz4E0e0BAYMxemn5IFCU2OcMU",
    "payment_id": "d1bb71cb-7736-46b3-85cd-f82f2353b067"
}


================================================================================
Fecha y hora: 2025-07-03 07:55:11
================================================================================
=== Info ===
Inicio del flujo OAuth2 desde transferencia

=== Body de la petición ===
{
    "verifier": "UegdXwdrvl1o-9Ubg_uaD-oWfdxMRF4dU3lLZS-ryL3Hsa3lvgftsREjLvMVZP9hPUdc3smnvCnQh2VJQKzutw",
    "challenge": "JKw3ieS0kwupU8C9yHfz4E0e0BAYMxemn5IFCU2OcMU",
    "state": "a784a0e43d3c4551a0b3de89a04bff56"
}


================================================================================
Fecha y hora: 2025-07-03 07:55:38
================================================================================
=== Info ===
OAuth: inicio_autorizacion - exito

=== Body de la petición ===
{
    "state": "c874e540db8a49828d9fb3728f7191de",
    "auth_url": "http://80.78.30.242:9181/oidc/authorize?response_type=code&client_id=7c1e2c53-8cc3-4ea0-bdd6-b3423e76adc7&redirect_uri=https://api.coretransapi.com/oauth2/callback/&scope=sepa_credit_transfers&state=c874e540db8a49828d9fb3728f7191de&code_challenge_method=S256&code_challenge=XKw2w7N_1rLJxTXeHXAAmN_H6NZe7g8lgmsUWXdcCGE",
    "code_challenge": "XKw2w7N_1rLJxTXeHXAAmN_H6NZe7g8lgmsUWXdcCGE",
    "payment_id": "d1bb71cb-7736-46b3-85cd-f82f2353b067"
}


================================================================================
Fecha y hora: 2025-07-03 07:55:38
================================================================================
=== Info ===
Inicio del flujo OAuth2 desde transferencia

=== Body de la petición ===
{
    "verifier": "y15sAHp2rhHkqhh-8e1w4aS9Zw1tVLFhJ2AfP6dnYIybQz4MuOGsPA9qNKBqOJn741A_FS7BYaVwFzx6acKgtw",
    "challenge": "XKw2w7N_1rLJxTXeHXAAmN_H6NZe7g8lgmsUWXdcCGE",
    "state": "c874e540db8a49828d9fb3728f7191de"
}


================================================================================
Fecha y hora: 2025-07-03 07:55:48
================================================================================
=== Info ===
<ul class="errorlist"><li>__all__<ul class="errorlist nonfield"><li>Selecciona obtener OTP o proporciona uno manual.</li></ul></li></ul>

=== Error ===
Formulario inválido

================================================================================
Fecha y hora: 2025-07-03 07:56:01
================================================================================
=== Info ===
OAuth: inicio_autorizacion - exito

=== Body de la petición ===
{
    "state": "1b2ed316c40c443e8096202cae89e12e",
    "auth_url": "http://80.78.30.242:9181/oidc/authorize?response_type=code&client_id=7c1e2c53-8cc3-4ea0-bdd6-b3423e76adc7&redirect_uri=https://api.coretransapi.com/oauth2/callback/&scope=sepa_credit_transfers&state=1b2ed316c40c443e8096202cae89e12e&code_challenge_method=S256&code_challenge=u09yuW-0Rlx__sfgu4AaqxrZzDljKFkQ82CHgiyMnaU",
    "code_challenge": "u09yuW-0Rlx__sfgu4AaqxrZzDljKFkQ82CHgiyMnaU",
    "payment_id": "d1bb71cb-7736-46b3-85cd-f82f2353b067"
}


================================================================================
Fecha y hora: 2025-07-03 07:56:01
================================================================================
=== Info ===
Inicio del flujo OAuth2 desde transferencia

=== Body de la petición ===
{
    "verifier": "0dqgMUM8PKjjGRaCeNwz-uMVNxLj8FDrQZVeq_T7Lj-vd3VpZp-MkHAtA6klBd8ESJLzLZEhJua0jU5uSOKCvQ",
    "challenge": "u09yuW-0Rlx__sfgu4AaqxrZzDljKFkQ82CHgiyMnaU",
    "state": "1b2ed316c40c443e8096202cae89e12e"
}


================================================================================
Fecha y hora: 2025-07-03 07:56:15
================================================================================
=== Info ===
<ul class="errorlist"><li>__all__<ul class="errorlist nonfield"><li>Seleccionaste OTP automático pero no elegiste método.</li></ul></li></ul>

=== Error ===
Formulario inválido

================================================================================
Fecha y hora: 2025-07-03 07:56:21
================================================================================
=== Info ===
OAuth: inicio_autorizacion - exito

=== Body de la petición ===
{
    "state": "2566d09674024276a240543015148f25",
    "auth_url": "http://80.78.30.242:9181/oidc/authorize?response_type=code&client_id=7c1e2c53-8cc3-4ea0-bdd6-b3423e76adc7&redirect_uri=https://api.coretransapi.com/oauth2/callback/&scope=sepa_credit_transfers&state=2566d09674024276a240543015148f25&code_challenge_method=S256&code_challenge=lNbVOzXmLnAZiWOCxImCdMpzGPp16De8RIDdF-JHZCY",
    "code_challenge": "lNbVOzXmLnAZiWOCxImCdMpzGPp16De8RIDdF-JHZCY",
    "payment_id": "d1bb71cb-7736-46b3-85cd-f82f2353b067"
}


================================================================================
Fecha y hora: 2025-07-03 07:56:21
================================================================================
=== Info ===
Inicio del flujo OAuth2 desde transferencia

=== Body de la petición ===
{
    "verifier": "J5iMSu4TZJhB-r1Ktw8orpgfsE08RyGe04bEvOhVe7gSg9oeSywHY-Eyt-slXcX72EpcenyqTvFYxgOEu8ef6g",
    "challenge": "lNbVOzXmLnAZiWOCxImCdMpzGPp16De8RIDdF-JHZCY",
    "state": "2566d09674024276a240543015148f25"
}

