
================================================================================
Fecha y hora: 2025-07-07 09:27:50
================================================================================
=== Info ===
Transferencia creada


================================================================================
Fecha y hora: 2025-07-07 09:27:50
================================================================================
=== Info ===
XML pain.001 generado en schemas/transferencias/6210b495-5980-434f-b1d5-471d76d1ab8d/pain001_6210b495-5980-434f-b1d5-471d76d1ab8d.xml


================================================================================
Fecha y hora: 2025-07-07 09:27:50
================================================================================
=== Info ===
Archivo AML generado en schemas/transferencias/6210b495-5980-434f-b1d5-471d76d1ab8d/aml_6210b495-5980-434f-b1d5-471d76d1ab8d.xml


================================================================================
Fecha y hora: 2025-07-07 09:28:47
================================================================================
=== Info ===
OTP enviado (Challenge ID: 6da66a6c-a124-47dd-b497-bb3e061ed89b, OTP: 654685)


================================================================================
Fecha y hora: 2025-07-07 09:30:09
================================================================================
=== Info ===
Respuesta simulador: {'status': 'ACCP', 'transfer_id': '6210b495-5980-434f-b1d5-471d76d1ab8d'}

